Flow report for bcdDecoder
Sun Jul 08 18:34:32 2018
Quartus Prime Version 17.1.0 Build 590 10/25/2017 SJ Lite Edition


---------------------
; Table of Contents ;
---------------------
  1. Legal Notice
  2. Flow Summary
  3. Flow Settings
  4. Flow Non-Default Global Settings
  5. Flow Elapsed Time
  6. Flow OS Summary
  7. Flow Log
  8. Flow Messages
  9. Flow Suppressed Messages



----------------
; Legal Notice ;
----------------
Copyright (C) 2017  Intel Corporation. All rights reserved.
Your use of Intel Corporation's design tools, logic functions 
and other software and tools, and its AMPP partner logic 
functions, and any output files from any of the foregoing 
(including device programming or simulation files), and any 
associated documentation or information are expressly subject 
to the terms and conditions of the Intel Program License 
Subscription Agreement, the Intel Quartus Prime License Agreement,
the Intel FPGA IP License Agreement, or other applicable license
agreement, including, without limitation, that your use is for
the sole purpose of programming logic devices manufactured by
Intel and sold by Intel or its authorized distributors.  Please
refer to the applicable agreement for further details.



+-------------------------------------------------------------------------------+
; Flow Summary                                                                  ;
+---------------------------------+---------------------------------------------+
; Flow Status                     ; Successful - Sun Jul 08 18:34:31 2018       ;
; Quartus Prime Version           ; 17.1.0 Build 590 10/25/2017 SJ Lite Edition ;
; Revision Name                   ; bcdDecoder                                  ;
; Top-level Entity Name           ; bcdDecoder                                  ;
; Family                          ; Cyclone V                                   ;
; Device                          ; 5CEBA4F23C7                                 ;
; Timing Models                   ; Final                                       ;
; Logic utilization (in ALMs)     ; 3 / 18,480 ( < 1 % )                        ;
; Total registers                 ; 0                                           ;
; Total pins                      ; 11 / 224 ( 5 % )                            ;
; Total virtual pins              ; 0                                           ;
; Total block memory bits         ; 0 / 3,153,920 ( 0 % )                       ;
; Total DSP Blocks                ; 0 / 66 ( 0 % )                              ;
; Total HSSI RX PCSs              ; 0                                           ;
; Total HSSI PMA RX Deserializers ; 0                                           ;
; Total HSSI TX PCSs              ; 0                                           ;
; Total HSSI PMA TX Serializers   ; 0                                           ;
; Total PLLs                      ; 0 / 4 ( 0 % )                               ;
; Total DLLs                      ; 0 / 4 ( 0 % )                               ;
+---------------------------------+---------------------------------------------+


+-----------------------------------------+
; Flow Settings                           ;
+-------------------+---------------------+
; Option            ; Setting             ;
+-------------------+---------------------+
; Start date & time ; 07/08/2018 18:32:15 ;
; Main task         ; Compilation         ;
; Revision Name     ; bcdDecoder          ;
+-------------------+---------------------+


+-----------------------------------------------------------------------------------------------------------------------------+
; Flow Non-Default Global Settings                                                                                            ;
+-------------------------------------+----------------------------------------+---------------+-------------+----------------+
; Assignment Name                     ; Value                                  ; Default Value ; Entity Name ; Section Id     ;
+-------------------------------------+----------------------------------------+---------------+-------------+----------------+
; COMPILER_SIGNATURE_ID               ; 110073156368833.153108553412972        ; --            ; --          ; --             ;
; EDA_OUTPUT_DATA_FORMAT              ; Vhdl                                   ; --            ; --          ; eda_simulation ;
; EDA_SIMULATION_TOOL                 ; ModelSim-Altera (VHDL)                 ; <None>        ; --          ; --             ;
; EDA_TIME_SCALE                      ; 1 ps                                   ; --            ; --          ; eda_simulation ;
; MAX_CORE_JUNCTION_TEMP              ; 85                                     ; --            ; --          ; --             ;
; MIN_CORE_JUNCTION_TEMP              ; 0                                      ; --            ; --          ; --             ;
; NUM_PARALLEL_PROCESSORS             ; 4                                      ; --            ; --          ; --             ;
; PARTITION_COLOR                     ; -- (Not supported for targeted family) ; --            ; --          ; Top            ;
; PARTITION_FITTER_PRESERVATION_LEVEL ; -- (Not supported for targeted family) ; --            ; --          ; Top            ;
; PARTITION_NETLIST_TYPE              ; -- (Not supported for targeted family) ; --            ; --          ; Top            ;
; PROJECT_OUTPUT_DIRECTORY            ; output_files                           ; --            ; --          ; --             ;
+-------------------------------------+----------------------------------------+---------------+-------------+----------------+


+-------------------------------------------------------------------------------------------------------------------------------+
; Flow Elapsed Time                                                                                                             ;
+---------------------------+--------------+-------------------------+---------------------+------------------------------------+
; Module Name               ; Elapsed Time ; Average Processors Used ; Peak Virtual Memory ; Total CPU Time (on all processors) ;
+---------------------------+--------------+-------------------------+---------------------+------------------------------------+
; Analysis & Synthesis      ; 00:00:26     ; 1.0                     ; 4833 MB             ; 00:00:54                           ;
; Fitter                    ; 00:00:34     ; 1.0                     ; 6233 MB             ; 00:00:46                           ;
; Assembler                 ; 00:00:10     ; 1.0                     ; 4828 MB             ; 00:00:07                           ;
; TimeQuest Timing Analyzer ; 00:00:12     ; 1.0                     ; 5049 MB             ; 00:00:08                           ;
; EDA Netlist Writer        ; 00:00:03     ; 1.0                     ; 4740 MB             ; 00:00:03                           ;
; EDA Netlist Writer        ; 00:00:03     ; 1.0                     ; 4722 MB             ; 00:00:02                           ;
; EDA Netlist Writer        ; 00:00:02     ; 1.0                     ; 4731 MB             ; 00:00:03                           ;
; Total                     ; 00:01:30     ; --                      ; --                  ; 00:02:03                           ;
+---------------------------+--------------+-------------------------+---------------------+------------------------------------+


+-----------------------------------------------------------------------------------------+
; Flow OS Summary                                                                         ;
+---------------------------+------------------+------------+------------+----------------+
; Module Name               ; Machine Hostname ; OS Name    ; OS Version ; Processor type ;
+---------------------------+------------------+------------+------------+----------------+
; Analysis & Synthesis      ; Lohhans-b490     ; Windows 10 ; 10.0       ; x86_64         ;
; Fitter                    ; Lohhans-b490     ; Windows 10 ; 10.0       ; x86_64         ;
; Assembler                 ; Lohhans-b490     ; Windows 10 ; 10.0       ; x86_64         ;
; TimeQuest Timing Analyzer ; Lohhans-b490     ; Windows 10 ; 10.0       ; x86_64         ;
; EDA Netlist Writer        ; Lohhans-b490     ; Windows 10 ; 10.0       ; x86_64         ;
; EDA Netlist Writer        ; Lohhans-b490     ; Windows 10 ; 10.0       ; x86_64         ;
; EDA Netlist Writer        ; Lohhans-b490     ; Windows 10 ; 10.0       ; x86_64         ;
+---------------------------+------------------+------------+------------+----------------+


------------
; Flow Log ;
------------
quartus_map --read_settings_files=on --write_settings_files=off bcdDecoder -c bcdDecoder
quartus_fit --read_settings_files=off --write_settings_files=off bcdDecoder -c bcdDecoder
quartus_asm --read_settings_files=off --write_settings_files=off bcdDecoder -c bcdDecoder
quartus_sta bcdDecoder -c bcdDecoder
quartus_eda --read_settings_files=off --write_settings_files=off bcdDecoder -c bcdDecoder
quartus_eda --gen_testbench --tool=modelsim_oem --format=verilog --write_settings_files=off bcdDecoder -c bcdDecoder --vector_source="E:/BCC/3 PERIODO 2018.1/SD/bcdDecoder/Waveform.vwf" --testbench_file="E:/BCC/3 PERIODO 2018.1/SD/bcdDecoder/simulation/qsim/Waveform.vwf.vt"
quartus_eda --write_settings_files=off --simulation=on --functional=on --flatten_buses=off --tool=modelsim_oem --format=verilog --output_directory="E:/BCC/3 PERIODO 2018.1/SD/bcdDecoder/simulation/qsim/" bcdDecoder -c bcdDecoder



